#
# There is insufficient memory for the Java Runtime Environment to continue.
# Native memory allocation (malloc) failed to allocate 391536 bytes for Chunk::new
# Possible reasons:
#   The system is out of physical RAM or swap space
#   The process is running with CompressedOops enabled, and the Java Heap may be blocking the growth of the native heap
# Possible solutions:
#   Reduce memory load on the system
#   Increase physical memory or swap space
#   Check if swap backing store is full
#   Decrease Java heap size (-Xmx/-Xms)
#   Decrease number of Java threads
#   Decrease Java thread stack sizes (-Xss)
#   Set larger code cache with -XX:ReservedCodeCacheSize=
#   JVM is running with Unscaled Compressed Oops mode in which the Java heap is
#     placed in the first 4GB address space. The Java Heap base address is the
#     maximum limit for the native heap growth. Please use -XX:HeapBaseMinAddress
#     to set the Java Heap base and to place the Java Heap above 4GB virtual address.
# This output file may be truncated or incomplete.
#
#  Out of Memory Error (arena.cpp:184), pid=23496, tid=13612
#
# JRE version: Java(TM) SE Runtime Environment (19.0+36) (build 19+36-2238)
# Java VM: Java HotSpot(TM) 64-Bit Server VM (19+36-2238, mixed mode, sharing, tiered, compressed oops, compressed class ptrs, g1 gc, windows-amd64)
# No core dump will be written. Minidumps are not enabled by default on client versions of Windows
#

---------------  S U M M A R Y ------------

Command Line: -Dfile.encoding=UTF-8 -Dstdout.encoding=UTF-8 -Dstderr.encoding=UTF-8 -XX:+ShowCodeDetailsInExceptionMessages com.tradefolio.TradingApplication

Host: 11th Gen Intel(R) Core(TM) i5-1135G7 @ 2.40GHz, 8 cores, 7G,  Windows 11 , 64 bit Build 22621 (10.0.22621.3958)
Time: Sat Sep  7 21:48:30 2024 India Standard Time elapsed time: 789.116381 seconds (0d 0h 13m 9s)

---------------  T H R E A D  ---------------

Current thread (0x000001a0ff9b1590):  JavaThread "C2 CompilerThread0" daemon [_thread_in_native, id=13612, stack(0x0000008135600000,0x0000008135700000)]


Current CompileTask:
C2: 789116 11220   !   4       org.apache.catalina.connector.CoyoteAdapter::postParseRequest (1144 bytes)

Stack: [0x0000008135600000,0x0000008135700000]
Native frames: (J=compiled Java code, j=interpreted, Vv=VM code, C=native code)
V  [jvm.dll+0x6ee8fa]
V  [jvm.dll+0x857a1e]
V  [jvm.dll+0x85940e]
V  [jvm.dll+0x859ac3]
V  [jvm.dll+0x28291f]
V  [jvm.dll+0xc9b5f]
V  [jvm.dll+0xc9ee5]
V  [jvm.dll+0x2f7c6f]
V  [jvm.dll+0x5f0c5b]
V  [jvm.dll+0x254d73]
V  [jvm.dll+0x24ddfe]
V  [jvm.dll+0x24b563]
V  [jvm.dll+0x1d6d61]
V  [jvm.dll+0x25b0fa]
V  [jvm.dll+0x259588]
V  [jvm.dll+0x807928]
V  [jvm.dll+0x8015fa]
V  [jvm.dll+0x6ed5eb]
C  [ucrtbase.dll+0x29333]
C  [KERNEL32.DLL+0x1257d]
C  [ntdll.dll+0x5af28]


---------------  P R O C E S S  ---------------

Threads class SMR info:
_java_thread_list=0x000001a087374fc0, length=31, elements={
0x000001a0ff97baa0, 0x000001a0ff97c690, 0x000001a0ff97d5c0, 0x000001a0ff97f180,
0x000001a0ff980ac0, 0x000001a0ff983400, 0x000001a0ff9b1590, 0x000001a0ff9b6be0,
0x000001a0ff9bc730, 0x000001a0ffbe5240, 0x000001a0ffbedc60, 0x000001a086619ef0,
0x000001a08661a430, 0x000001a0865dc080, 0x000001a0857b79b0, 0x000001a0857b6f10,
0x000001a0857b7f00, 0x000001a0857b9990, 0x000001a0857ba430, 0x000001a0857b8450,
0x000001a0857b89a0, 0x000001a0857b8ef0, 0x000001a0864f60f0, 0x000001a0864f80d0,
0x000001a0864f70e0, 0x000001a0864f7b80, 0x000001a0864f4bb0, 0x000001a0864f7630,
0x000001a0864f6640, 0x000001a0864f6b90, 0x000001a0864f5100
}

Java Threads: ( => current thread )
  0x000001a0ff97baa0 JavaThread "Reference Handler" daemon [_thread_blocked, id=16632, stack(0x0000008135000000,0x0000008135100000)]
  0x000001a0ff97c690 JavaThread "Finalizer" daemon [_thread_blocked, id=14236, stack(0x0000008135100000,0x0000008135200000)]
  0x000001a0ff97d5c0 JavaThread "Signal Dispatcher" daemon [_thread_blocked, id=6688, stack(0x0000008135200000,0x0000008135300000)]
  0x000001a0ff97f180 JavaThread "Attach Listener" daemon [_thread_blocked, id=10516, stack(0x0000008135300000,0x0000008135400000)]
  0x000001a0ff980ac0 JavaThread "Service Thread" daemon [_thread_blocked, id=12724, stack(0x0000008135400000,0x0000008135500000)]
  0x000001a0ff983400 JavaThread "Monitor Deflation Thread" daemon [_thread_blocked, id=1364, stack(0x0000008135500000,0x0000008135600000)]
=>0x000001a0ff9b1590 JavaThread "C2 CompilerThread0" daemon [_thread_in_native, id=13612, stack(0x0000008135600000,0x0000008135700000)]
  0x000001a0ff9b6be0 JavaThread "C1 CompilerThread0" daemon [_thread_blocked, id=18608, stack(0x0000008135700000,0x0000008135800000)]
  0x000001a0ff9bc730 JavaThread "Sweeper thread" daemon [_thread_blocked, id=19840, stack(0x0000008135800000,0x0000008135900000)]
  0x000001a0ffbe5240 JavaThread "Notification Thread" daemon [_thread_blocked, id=23232, stack(0x0000008135900000,0x0000008135a00000)]
  0x000001a0ffbedc60 JavaThread "Common-Cleaner" daemon [_thread_blocked, id=1980, stack(0x0000008135b00000,0x0000008135c00000)]
  0x000001a086619ef0 JavaThread "Catalina-utility-1" [_thread_blocked, id=25176, stack(0x0000008136700000,0x0000008136800000)]
  0x000001a08661a430 JavaThread "Catalina-utility-2" [_thread_blocked, id=25532, stack(0x0000008136800000,0x0000008136900000)]
  0x000001a0865dc080 JavaThread "container-0" [_thread_blocked, id=19904, stack(0x0000008136900000,0x0000008136a00000)]
  0x000001a0857b79b0 JavaThread "mysql-cj-abandoned-connection-cleanup" daemon [_thread_blocked, id=11272, stack(0x0000008136a00000,0x0000008136b00000)]
  0x000001a0857b6f10 JavaThread "HikariPool-1 housekeeper" daemon [_thread_blocked, id=1368, stack(0x0000008136c00000,0x0000008136d00000)]
  0x000001a0857b7f00 JavaThread "File Watcher" daemon [_thread_blocked, id=19436, stack(0x0000008136300000,0x0000008136400000)]
  0x000001a0857b9990 JavaThread "Live Reload Server" daemon [_thread_in_native, id=22544, stack(0x0000008136f00000,0x0000008137000000)]
  0x000001a0857ba430 JavaThread "http-nio-5454-exec-1" daemon [_thread_blocked, id=25104, stack(0x0000008136e00000,0x0000008136f00000)]
  0x000001a0857b8450 JavaThread "http-nio-5454-exec-2" daemon [_thread_blocked, id=25256, stack(0x0000008137000000,0x0000008137100000)]
  0x000001a0857b89a0 JavaThread "http-nio-5454-exec-3" daemon [_thread_blocked, id=9372, stack(0x0000008137100000,0x0000008137200000)]
  0x000001a0857b8ef0 JavaThread "http-nio-5454-exec-4" daemon [_thread_blocked, id=7480, stack(0x0000008137200000,0x0000008137300000)]
  0x000001a0864f60f0 JavaThread "http-nio-5454-exec-5" daemon [_thread_blocked, id=24268, stack(0x0000008137300000,0x0000008137400000)]
  0x000001a0864f80d0 JavaThread "http-nio-5454-exec-6" daemon [_thread_blocked, id=13100, stack(0x0000008137400000,0x0000008137500000)]
  0x000001a0864f70e0 JavaThread "http-nio-5454-exec-7" daemon [_thread_blocked, id=24872, stack(0x0000008137500000,0x0000008137600000)]
  0x000001a0864f7b80 JavaThread "http-nio-5454-exec-8" daemon [_thread_in_Java, id=6736, stack(0x0000008137600000,0x0000008137700000)]
  0x000001a0864f4bb0 JavaThread "http-nio-5454-exec-9" daemon [_thread_blocked, id=21588, stack(0x0000008137700000,0x0000008137800000)]
  0x000001a0864f7630 JavaThread "http-nio-5454-exec-10" daemon [_thread_blocked, id=23184, stack(0x0000008137800000,0x0000008137900000)]
  0x000001a0864f6640 JavaThread "http-nio-5454-Poller" daemon [_thread_in_native, id=11696, stack(0x0000008137900000,0x0000008137a00000)]
  0x000001a0864f6b90 JavaThread "http-nio-5454-Acceptor" daemon [_thread_in_native, id=25252, stack(0x0000008137a00000,0x0000008137b00000)]
  0x000001a0864f5100 JavaThread "DestroyJavaVM" [_thread_blocked, id=11552, stack(0x0000008134900000,0x0000008134a00000)]

Other Threads:
  0x000001a0ff960740 VMThread "VM Thread" [stack: 0x0000008134f00000,0x0000008135000000] [id=4808]
  0x000001a0ffbe97a0 WatcherThread "VM Periodic Task Thread" [stack: 0x0000008135a00000,0x0000008135b00000] [id=1504]
  0x000001a0e13ed5e0 WorkerThread "GC Thread#0" [stack: 0x0000008134a00000,0x0000008134b00000] [id=24324]
  0x000001a0849a09a0 WorkerThread "GC Thread#1" [stack: 0x0000008135e00000,0x0000008135f00000] [id=948]
  0x000001a0849a0c70 WorkerThread "GC Thread#2" [stack: 0x0000008135f00000,0x0000008136000000] [id=7732]
  0x000001a0849a0f40 WorkerThread "GC Thread#3" [stack: 0x0000008136000000,0x0000008136100000] [id=16512]
  0x000001a0849a1210 WorkerThread "GC Thread#4" [stack: 0x0000008136100000,0x0000008136200000] [id=16816]
  0x000001a08462ba50 WorkerThread "GC Thread#5" [stack: 0x0000008136200000,0x0000008136300000] [id=18164]
  0x000001a08462c860 WorkerThread "GC Thread#6" [stack: 0x0000008136400000,0x0000008136500000] [id=18840]
  0x000001a08462b4b0 WorkerThread "GC Thread#7" [stack: 0x0000008136500000,0x0000008136600000] [id=22812]
  0x000001a0e13feae0 ConcurrentGCThread "G1 Main Marker" [stack: 0x0000008134b00000,0x0000008134c00000] [id=20804]
  0x000001a0e13ffd60 WorkerThread "G1 Conc#0" [stack: 0x0000008134c00000,0x0000008134d00000] [id=22568]
  0x000001a085143b20 WorkerThread "G1 Conc#1" [stack: 0x0000008136600000,0x0000008136700000] [id=1920]
  0x000001a0e143e870 ConcurrentGCThread "G1 Refine#0" [stack: 0x0000008134d00000,0x0000008134e00000] [id=23780]
  0x000001a0ff813550 ConcurrentGCThread "G1 Service" [stack: 0x0000008134e00000,0x0000008134f00000] [id=24712]

Threads with active compile tasks:
C2 CompilerThread0   789175 11220   !   4       org.apache.catalina.connector.CoyoteAdapter::postParseRequest (1144 bytes)

VM state: not at safepoint (normal execution)

VM Mutex/Monitor currently owned by a thread: None

Heap address: 0x0000000084c00000, size: 1972 MB, Compressed Oops mode: 32-bit

CDS archive(s) mapped at: [0x0000000800000000-0x0000000800c40000-0x0000000800c40000), size 12845056, SharedBaseAddress: 0x0000000800000000, ArchiveRelocationMode: 0.
Compressed class space mapped at: 0x0000000801000000-0x0000000841000000, reserved size: 1073741824
Narrow klass base: 0x0000000800000000, Narrow klass shift: 0, Narrow klass range: 0x100000000

GC Precious Log:
 CardTable entry size: 512
 Card Set container configuration: InlinePtr #cards 5 size 8 Array Of Cards #cards 12 size 40 Howl #buckets 4 coarsen threshold 1843 Howl Bitmap #cards 512 size 80 coarsen threshold 460 Card regions per heap region 1 cards per card region 2048
 CPUs: 8 total, 8 available
 Memory: 7886M
 Large Page Support: Disabled
 NUMA Support: Disabled
 Compressed Oops: Enabled (32-bit)
 Heap Region Size: 1M
 Heap Min Capacity: 8M
 Heap Initial Capacity: 124M
 Heap Max Capacity: 1972M
 Pre-touch: Disabled
 Parallel Workers: 8
 Concurrent Workers: 2
 Concurrent Refinement Workers: 8
 Periodic GC: Disabled

Heap:
 garbage-first heap   total 92160K, used 41213K [0x0000000084c00000, 0x0000000100000000)
  region size 1024K, 8 young (8192K), 2 survivors (2048K)
 Metaspace       used 80217K, committed 80960K, reserved 1179648K
  class space    used 10217K, committed 10560K, reserved 1048576K

Heap Regions: E=young(eden), S=young(survivor), O=old, HS=humongous(starts), HC=humongous(continues), CS=collection set, F=free, OA=open archive, CA=closed archive, TAMS=top-at-mark-start (previous, next)
|   0|0x0000000084c00000, 0x0000000084d00000, 0x0000000084d00000|100%|HS|  |TAMS 0x0000000084d00000, 0x0000000084c00000| Complete 
|   1|0x0000000084d00000, 0x0000000084e00000, 0x0000000084e00000|100%| O|  |TAMS 0x0000000084e00000, 0x0000000084d00000| Untracked 
|   2|0x0000000084e00000, 0x0000000084f00000, 0x0000000084f00000|100%| O|  |TAMS 0x0000000084f00000, 0x0000000084e00000| Untracked 
|   3|0x0000000084f00000, 0x0000000085000000, 0x0000000085000000|100%| O|  |TAMS 0x0000000085000000, 0x0000000084f00000| Untracked 
|   4|0x0000000085000000, 0x0000000085100000, 0x0000000085100000|100%| O|  |TAMS 0x0000000085100000, 0x0000000085000000| Untracked 
|   5|0x0000000085100000, 0x0000000085200000, 0x0000000085200000|100%| O|  |TAMS 0x0000000085200000, 0x0000000085100000| Untracked 
|   6|0x0000000085200000, 0x0000000085300000, 0x0000000085300000|100%| O|  |TAMS 0x0000000085300000, 0x0000000085200000| Untracked 
|   7|0x0000000085300000, 0x0000000085400000, 0x0000000085400000|100%| O|  |TAMS 0x0000000085400000, 0x0000000085300000| Untracked 
|   8|0x0000000085400000, 0x0000000085500000, 0x0000000085500000|100%| O|  |TAMS 0x0000000085500000, 0x0000000085400000| Untracked 
|   9|0x0000000085500000, 0x0000000085600000, 0x0000000085600000|100%| O|  |TAMS 0x0000000085600000, 0x0000000085500000| Untracked 
|  10|0x0000000085600000, 0x0000000085700000, 0x0000000085700000|100%| O|  |TAMS 0x0000000085700000, 0x0000000085600000| Untracked 
|  11|0x0000000085700000, 0x0000000085800000, 0x0000000085800000|100%| O|  |TAMS 0x0000000085800000, 0x0000000085700000| Untracked 
|  12|0x0000000085800000, 0x0000000085900000, 0x0000000085900000|100%| O|  |TAMS 0x0000000085900000, 0x0000000085800000| Untracked 
|  13|0x0000000085900000, 0x0000000085a00000, 0x0000000085a00000|100%| O|  |TAMS 0x0000000085a00000, 0x0000000085900000| Untracked 
|  14|0x0000000085a00000, 0x0000000085b00000, 0x0000000085b00000|100%| O|  |TAMS 0x0000000085b00000, 0x0000000085a00000| Untracked 
|  15|0x0000000085b00000, 0x0000000085c00000, 0x0000000085c00000|100%| O|  |TAMS 0x0000000085c00000, 0x0000000085b00000| Untracked 
|  16|0x0000000085c00000, 0x0000000085d00000, 0x0000000085d00000|100%| O|  |TAMS 0x0000000085d00000, 0x0000000085c00000| Untracked 
|  17|0x0000000085d00000, 0x0000000085e00000, 0x0000000085e00000|100%| O|  |TAMS 0x0000000085d00000, 0x0000000085d00000| Untracked 
|  18|0x0000000085e00000, 0x0000000085f00000, 0x0000000085f00000|100%| O|  |TAMS 0x0000000085f00000, 0x0000000085e00000| Untracked 
|  19|0x0000000085f00000, 0x0000000086000000, 0x0000000086000000|100%| O|  |TAMS 0x0000000086000000, 0x0000000085f00000| Untracked 
|  20|0x0000000086000000, 0x0000000086100000, 0x0000000086100000|100%| O|  |TAMS 0x0000000086100000, 0x0000000086000000| Untracked 
|  21|0x0000000086100000, 0x0000000086200000, 0x0000000086200000|100%| O|  |TAMS 0x0000000086200000, 0x0000000086100000| Untracked 
|  22|0x0000000086200000, 0x0000000086300000, 0x0000000086300000|100%| O|  |TAMS 0x0000000086200000, 0x0000000086200000| Untracked 
|  23|0x0000000086300000, 0x0000000086400000, 0x0000000086400000|100%| O|  |TAMS 0x0000000086300000, 0x0000000086300000| Untracked 
|  24|0x0000000086400000, 0x0000000086500000, 0x0000000086500000|100%| O|  |TAMS 0x0000000086400000, 0x0000000086400000| Untracked 
|  25|0x0000000086500000, 0x0000000086600000, 0x0000000086600000|100%| O|  |TAMS 0x0000000086500000, 0x0000000086500000| Untracked 
|  26|0x0000000086600000, 0x0000000086700000, 0x0000000086700000|100%| O|  |TAMS 0x0000000086600000, 0x0000000086600000| Untracked 
|  27|0x0000000086700000, 0x0000000086800000, 0x0000000086800000|100%| O|  |TAMS 0x0000000086700000, 0x0000000086700000| Untracked 
|  28|0x0000000086800000, 0x0000000086900000, 0x0000000086900000|100%| O|  |TAMS 0x0000000086800000, 0x0000000086800000| Untracked 
|  29|0x0000000086900000, 0x0000000086a00000, 0x0000000086a00000|100%| O|  |TAMS 0x0000000086900000, 0x0000000086900000| Untracked 
|  30|0x0000000086a00000, 0x0000000086b00000, 0x0000000086b00000|100%| O|  |TAMS 0x0000000086a00000, 0x0000000086a00000| Untracked 
|  31|0x0000000086b00000, 0x0000000086b68800, 0x0000000086c00000| 40%| O|  |TAMS 0x0000000086b00000, 0x0000000086b00000| Untracked 
|  32|0x0000000086c00000, 0x0000000086c00000, 0x0000000086d00000|  0%| F|  |TAMS 0x0000000086c00000, 0x0000000086c00000| Untracked 
|  33|0x0000000086d00000, 0x0000000086d00000, 0x0000000086e00000|  0%| F|  |TAMS 0x0000000086d00000, 0x0000000086d00000| Untracked 
|  34|0x0000000086e00000, 0x0000000086e00000, 0x0000000086f00000|  0%| F|  |TAMS 0x0000000086e00000, 0x0000000086e00000| Untracked 
|  35|0x0000000086f00000, 0x0000000086f00000, 0x0000000087000000|  0%| F|  |TAMS 0x0000000086f00000, 0x0000000086f00000| Untracked 
|  36|0x0000000087000000, 0x0000000087100000, 0x0000000087100000|100%| O|  |TAMS 0x0000000087000000, 0x0000000087000000| Untracked 
|  37|0x0000000087100000, 0x0000000087200000, 0x0000000087200000|100%| O|  |TAMS 0x0000000087100000, 0x0000000087100000| Untracked 
|  38|0x0000000087200000, 0x0000000087200000, 0x0000000087300000|  0%| F|  |TAMS 0x0000000087200000, 0x0000000087200000| Untracked 
|  39|0x0000000087300000, 0x0000000087300000, 0x0000000087400000|  0%| F|  |TAMS 0x0000000087300000, 0x0000000087300000| Untracked 
|  40|0x0000000087400000, 0x0000000087400000, 0x0000000087500000|  0%| F|  |TAMS 0x0000000087400000, 0x0000000087400000| Untracked 
|  41|0x0000000087500000, 0x0000000087500000, 0x0000000087600000|  0%| F|  |TAMS 0x0000000087500000, 0x0000000087500000| Untracked 
|  42|0x0000000087600000, 0x0000000087600000, 0x0000000087700000|  0%| F|  |TAMS 0x0000000087600000, 0x0000000087600000| Untracked 
|  43|0x0000000087700000, 0x00000000877d6ea0, 0x0000000087800000| 83%| S|CS|TAMS 0x0000000087700000, 0x0000000087700000| Complete 
|  44|0x0000000087800000, 0x0000000087900000, 0x0000000087900000|100%| S|CS|TAMS 0x0000000087800000, 0x0000000087800000| Complete 
|  45|0x0000000087900000, 0x0000000087900000, 0x0000000087a00000|  0%| F|  |TAMS 0x0000000087900000, 0x0000000087900000| Untracked 
|  46|0x0000000087a00000, 0x0000000087a00000, 0x0000000087b00000|  0%| F|  |TAMS 0x0000000087a00000, 0x0000000087a00000| Untracked 
|  47|0x0000000087b00000, 0x0000000087b00000, 0x0000000087c00000|  0%| F|  |TAMS 0x0000000087b00000, 0x0000000087b00000| Untracked 
|  48|0x0000000087c00000, 0x0000000087c00000, 0x0000000087d00000|  0%| F|  |TAMS 0x0000000087c00000, 0x0000000087c00000| Untracked 
|  49|0x0000000087d00000, 0x0000000087d00000, 0x0000000087e00000|  0%| F|  |TAMS 0x0000000087d00000, 0x0000000087d00000| Untracked 
|  50|0x0000000087e00000, 0x0000000087e00000, 0x0000000087f00000|  0%| F|  |TAMS 0x0000000087e00000, 0x0000000087e00000| Untracked 
|  51|0x0000000087f00000, 0x0000000087f00000, 0x0000000088000000|  0%| F|  |TAMS 0x0000000087f00000, 0x0000000087f00000| Untracked 
|  52|0x0000000088000000, 0x0000000088000000, 0x0000000088100000|  0%| F|  |TAMS 0x0000000088000000, 0x0000000088000000| Untracked 
|  53|0x0000000088100000, 0x0000000088100000, 0x0000000088200000|  0%| F|  |TAMS 0x0000000088100000, 0x0000000088100000| Untracked 
|  54|0x0000000088200000, 0x0000000088200000, 0x0000000088300000|  0%| F|  |TAMS 0x0000000088200000, 0x0000000088200000| Untracked 
|  55|0x0000000088300000, 0x0000000088300000, 0x0000000088400000|  0%| F|  |TAMS 0x0000000088300000, 0x0000000088300000| Untracked 
|  56|0x0000000088400000, 0x0000000088400000, 0x0000000088500000|  0%| F|  |TAMS 0x0000000088400000, 0x0000000088400000| Untracked 
|  57|0x0000000088500000, 0x0000000088500000, 0x0000000088600000|  0%| F|  |TAMS 0x0000000088500000, 0x0000000088500000| Untracked 
|  58|0x0000000088600000, 0x0000000088600000, 0x0000000088700000|  0%| F|  |TAMS 0x0000000088600000, 0x0000000088600000| Untracked 
|  59|0x0000000088700000, 0x0000000088700000, 0x0000000088800000|  0%| F|  |TAMS 0x0000000088700000, 0x0000000088700000| Untracked 
|  60|0x0000000088800000, 0x0000000088800000, 0x0000000088900000|  0%| F|  |TAMS 0x0000000088800000, 0x0000000088800000| Untracked 
|  61|0x0000000088900000, 0x0000000088900000, 0x0000000088a00000|  0%| F|  |TAMS 0x0000000088900000, 0x0000000088900000| Untracked 
|  62|0x0000000088a00000, 0x0000000088a00000, 0x0000000088b00000|  0%| F|  |TAMS 0x0000000088a00000, 0x0000000088a00000| Untracked 
|  63|0x0000000088b00000, 0x0000000088b00000, 0x0000000088c00000|  0%| F|  |TAMS 0x0000000088b00000, 0x0000000088b00000| Untracked 
|  64|0x0000000088c00000, 0x0000000088c00000, 0x0000000088d00000|  0%| F|  |TAMS 0x0000000088c00000, 0x0000000088c00000| Untracked 
|  65|0x0000000088d00000, 0x0000000088d00000, 0x0000000088e00000|  0%| F|  |TAMS 0x0000000088d00000, 0x0000000088d00000| Untracked 
|  66|0x0000000088e00000, 0x0000000088e00000, 0x0000000088f00000|  0%| F|  |TAMS 0x0000000088e00000, 0x0000000088e00000| Untracked 
|  67|0x0000000088f00000, 0x0000000088f00000, 0x0000000089000000|  0%| F|  |TAMS 0x0000000088f00000, 0x0000000088f00000| Untracked 
|  68|0x0000000089000000, 0x0000000089000000, 0x0000000089100000|  0%| F|  |TAMS 0x0000000089000000, 0x0000000089000000| Untracked 
|  69|0x0000000089100000, 0x0000000089100000, 0x0000000089200000|  0%| F|  |TAMS 0x0000000089100000, 0x0000000089100000| Untracked 
|  70|0x0000000089200000, 0x0000000089200000, 0x0000000089300000|  0%| F|  |TAMS 0x0000000089200000, 0x0000000089200000| Untracked 
|  71|0x0000000089300000, 0x0000000089300000, 0x0000000089400000|  0%| F|  |TAMS 0x0000000089300000, 0x0000000089300000| Untracked 
|  72|0x0000000089400000, 0x0000000089400000, 0x0000000089500000|  0%| F|  |TAMS 0x0000000089400000, 0x0000000089400000| Untracked 
|  73|0x0000000089500000, 0x0000000089500000, 0x0000000089600000|  0%| F|  |TAMS 0x0000000089500000, 0x0000000089500000| Untracked 
|  74|0x0000000089600000, 0x0000000089600000, 0x0000000089700000|  0%| F|  |TAMS 0x0000000089600000, 0x0000000089600000| Untracked 
|  75|0x0000000089700000, 0x0000000089700000, 0x0000000089800000|  0%| F|  |TAMS 0x0000000089700000, 0x0000000089700000| Untracked 
|  76|0x0000000089800000, 0x0000000089800000, 0x0000000089900000|  0%| F|  |TAMS 0x0000000089800000, 0x0000000089800000| Untracked 
|  77|0x0000000089900000, 0x0000000089900000, 0x0000000089a00000|  0%| F|  |TAMS 0x0000000089900000, 0x0000000089900000| Untracked 
|  78|0x0000000089a00000, 0x0000000089a00000, 0x0000000089b00000|  0%| F|  |TAMS 0x0000000089a00000, 0x0000000089a00000| Untracked 
|  79|0x0000000089b00000, 0x0000000089b00000, 0x0000000089c00000|  0%| F|  |TAMS 0x0000000089b00000, 0x0000000089b00000| Untracked 
|  80|0x0000000089c00000, 0x0000000089c00000, 0x0000000089d00000|  0%| F|  |TAMS 0x0000000089c00000, 0x0000000089c00000| Untracked 
|  81|0x0000000089d00000, 0x0000000089d00000, 0x0000000089e00000|  0%| F|  |TAMS 0x0000000089d00000, 0x0000000089d00000| Untracked 
|  82|0x0000000089e00000, 0x0000000089e00000, 0x0000000089f00000|  0%| F|  |TAMS 0x0000000089e00000, 0x0000000089e00000| Untracked 
|  83|0x0000000089f00000, 0x0000000089f00000, 0x000000008a000000|  0%| F|  |TAMS 0x0000000089f00000, 0x0000000089f00000| Untracked 
|  84|0x000000008a000000, 0x000000008a097430, 0x000000008a100000| 59%| E|  |TAMS 0x000000008a000000, 0x000000008a000000| Complete 
|  85|0x000000008a100000, 0x000000008a200000, 0x000000008a200000|100%| E|CS|TAMS 0x000000008a100000, 0x000000008a100000| Complete 
|  86|0x000000008a200000, 0x000000008a300000, 0x000000008a300000|100%| E|CS|TAMS 0x000000008a200000, 0x000000008a200000| Complete 
|  87|0x000000008a300000, 0x000000008a400000, 0x000000008a400000|100%| E|CS|TAMS 0x000000008a300000, 0x000000008a300000| Complete 
|  88|0x000000008a400000, 0x000000008a500000, 0x000000008a500000|100%| E|CS|TAMS 0x000000008a400000, 0x000000008a400000| Complete 
| 123|0x000000008c700000, 0x000000008c800000, 0x000000008c800000|100%| E|CS|TAMS 0x000000008c700000, 0x000000008c700000| Complete 

Card table byte_map: [0x000001a0f89e0000,0x000001a0f8dc0000] _byte_map_base: 0x000001a0f85ba000

Marking Bits (Prev, Next): (CMBitMap*) 0x000001a0e13edb60, (CMBitMap*) 0x000001a0e13edb20
 Prev Bits: [0x000001a0fb070000, 0x000001a0fcf40000)
 Next Bits: [0x000001a0f91a0000, 0x000001a0fb070000)

Polling page: 0x000001a0df2e0000

Metaspace:

Usage:
  Non-class:     68.36 MB used.
      Class:      9.98 MB used.
       Both:     78.34 MB used.

Virtual space:
  Non-class space:      128.00 MB reserved,      68.75 MB ( 54%) committed,  2 nodes.
      Class space:        1.00 GB reserved,      10.31 MB (  1%) committed,  1 nodes.
             Both:        1.12 GB reserved,      79.06 MB (  7%) committed. 

Chunk freelists:
   Non-Class:  2.77 MB
       Class:  1.63 MB
        Both:  4.40 MB

MaxMetaspaceSize: unlimited
CompressedClassSpaceSize: 1.00 GB
Initial GC threshold: 21.00 MB
Current GC threshold: 98.88 MB
CDS: on
MetaspaceReclaimPolicy: balanced
 - commit_granule_bytes: 65536.
 - commit_granule_words: 8192.
 - virtual_space_node_default_size: 8388608.
 - enlarge_chunks_in_place: 1.
 - new_chunks_are_fully_committed: 0.
 - uncommit_free_chunks: 1.
 - use_allocation_guard: 0.


Internal statistics:

num_allocs_failed_limit: 11.
num_arena_births: 1048.
num_arena_deaths: 0.
num_vsnodes_births: 3.
num_vsnodes_deaths: 0.
num_space_committed: 1265.
num_space_uncommitted: 0.
num_chunks_returned_to_freelist: 11.
num_chunks_taken_from_freelist: 3820.
num_chunk_merges: 11.
num_chunk_splits: 2807.
num_chunks_enlarged: 2283.
num_inconsistent_stats: 0.

CodeHeap 'non-profiled nmethods': size=120000Kb used=7796Kb max_used=7796Kb free=112203Kb
 bounds [0x000001a0f0da0000, 0x000001a0f1540000, 0x000001a0f82d0000]
CodeHeap 'profiled nmethods': size=120000Kb used=18213Kb max_used=19536Kb free=101786Kb
 bounds [0x000001a0e92d0000, 0x000001a0ea620000, 0x000001a0f0800000]
CodeHeap 'non-nmethods': size=5760Kb used=1520Kb max_used=1582Kb free=4239Kb
 bounds [0x000001a0f0800000, 0x000001a0f0a70000, 0x000001a0f0da0000]
 total_blobs=10281 nmethods=9518 adapters=671
 compilation: enabled
              stopped_count=0, restarted_count=0
 full_count=0

Compilation events (20 events):
Event: 788.799 Thread 0x000001a0ff9b1590 nmethod 11208 0x000001a0f1530f90 code [0x000001a0f1531160, 0x000001a0f1531448]
Event: 788.799 Thread 0x000001a0ff9b1590 11209       4       org.apache.tomcat.util.threads.TaskQueue::take (5 bytes)
Event: 788.803 Thread 0x000001a0ff9b1590 nmethod 11209 0x000001a0f1531810 code [0x000001a0f15319c0, 0x000001a0f1531b68]
Event: 788.803 Thread 0x000001a0ff9b1590 11210       4       org.apache.tomcat.util.threads.TaskQueue::take (43 bytes)
Event: 788.807 Thread 0x000001a0ff9b1590 nmethod 11210 0x000001a0f1531d90 code [0x000001a0f1531f40, 0x000001a0f15320e8]
Event: 788.824 Thread 0x000001a0ff9b1590 11211       4       java.util.HashMap$HashIterator::remove (75 bytes)
Event: 788.843 Thread 0x000001a0ff9b1590 nmethod 11211 0x000001a0f1532310 code [0x000001a0f15324c0, 0x000001a0f1532c58]
Event: 788.843 Thread 0x000001a0ff9b1590 11212   !   4       org.apache.tomcat.util.net.NioEndpoint$Poller::processKey (299 bytes)
Event: 788.863 Thread 0x000001a0ff9b1590 nmethod 11212 0x000001a0f1533010 code [0x000001a0f1533240, 0x000001a0f1533c10]
Event: 788.863 Thread 0x000001a0ff9b1590 11213       4       org.apache.tomcat.util.net.NioEndpoint$Poller::unreg (15 bytes)
Event: 788.874 Thread 0x000001a0ff9b1590 nmethod 11213 0x000001a0f1534710 code [0x000001a0f15348e0, 0x000001a0f1534fa8]
Event: 788.874 Thread 0x000001a0ff9b1590 11214       4       org.apache.tomcat.util.threads.ThreadPoolExecutor::afterExecute (24 bytes)
Event: 788.879 Thread 0x000001a0ff9b1590 nmethod 11214 0x000001a0f1535590 code [0x000001a0f1535720, 0x000001a0f1535898]
Event: 788.879 Thread 0x000001a0ff9b1590 11215       4       org.springframework.http.converter.AbstractGenericHttpMessageConverter::write (73 bytes)
Event: 789.012 Thread 0x000001a0ff9b1590 nmethod 11215 0x000001a0f1535a90 code [0x000001a0f1535fa0, 0x000001a0f1538b40]
Event: 789.012 Thread 0x000001a0ff9b1590 11216       4       java.lang.invoke.LambdaForm$MH/0x0000000801a5a400::invoke (60 bytes)
Event: 789.017 Thread 0x000001a0ff9b1590 nmethod 11216 0x000001a0f153b810 code [0x000001a0f153b9c0, 0x000001a0f153bb98]
Event: 789.028 Thread 0x000001a0ff9b1590 11217       4       org.apache.catalina.connector.CoyoteAdapter::parsePathParameters (646 bytes)
Event: 789.041 Thread 0x000001a0ff9b1590 nmethod 11217 0x000001a0f153c010 code [0x000001a0f153c1e0, 0x000001a0f153c898]
Event: 789.041 Thread 0x000001a0ff9b1590 11220   !   4       org.apache.catalina.connector.CoyoteAdapter::postParseRequest (1144 bytes)

GC Heap History (20 events):
Event: 743.987 GC heap before
{Heap before GC invocations=23 (full 0):
 garbage-first heap   total 92160K, used 77806K [0x0000000084c00000, 0x0000000100000000)
  region size 1024K, 43 young (44032K), 2 survivors (2048K)
 Metaspace       used 80171K, committed 80896K, reserved 1179648K
  class space    used 10216K, committed 10560K, reserved 1048576K
}
Event: 744.000 GC heap after
{Heap after GC invocations=24 (full 0):
 garbage-first heap   total 92160K, used 35865K [0x0000000084c00000, 0x0000000100000000)
  region size 1024K, 2 young (2048K), 2 survivors (2048K)
 Metaspace       used 80171K, committed 80896K, reserved 1179648K
  class space    used 10216K, committed 10560K, reserved 1048576K
}
Event: 749.389 GC heap before
{Heap before GC invocations=24 (full 0):
 garbage-first heap   total 92160K, used 78873K [0x0000000084c00000, 0x0000000100000000)
  region size 1024K, 44 young (45056K), 2 survivors (2048K)
 Metaspace       used 80203K, committed 80896K, reserved 1179648K
  class space    used 10217K, committed 10560K, reserved 1048576K
}
Event: 749.395 GC heap after
{Heap after GC invocations=25 (full 0):
 garbage-first heap   total 92160K, used 35837K [0x0000000084c00000, 0x0000000100000000)
  region size 1024K, 2 young (2048K), 2 survivors (2048K)
 Metaspace       used 80203K, committed 80896K, reserved 1179648K
  class space    used 10217K, committed 10560K, reserved 1048576K
}
Event: 754.465 GC heap before
{Heap before GC invocations=25 (full 0):
 garbage-first heap   total 92160K, used 78845K [0x0000000084c00000, 0x0000000100000000)
  region size 1024K, 44 young (45056K), 2 survivors (2048K)
 Metaspace       used 80204K, committed 80896K, reserved 1179648K
  class space    used 10217K, committed 10560K, reserved 1048576K
}
Event: 754.472 GC heap after
{Heap after GC invocations=26 (full 0):
 garbage-first heap   total 92160K, used 35872K [0x0000000084c00000, 0x0000000100000000)
  region size 1024K, 2 young (2048K), 2 survivors (2048K)
 Metaspace       used 80204K, committed 80896K, reserved 1179648K
  class space    used 10217K, committed 10560K, reserved 1048576K
}
Event: 759.598 GC heap before
{Heap before GC invocations=26 (full 0):
 garbage-first heap   total 92160K, used 79904K [0x0000000084c00000, 0x0000000100000000)
  region size 1024K, 45 young (46080K), 2 survivors (2048K)
 Metaspace       used 80204K, committed 80896K, reserved 1179648K
  class space    used 10217K, committed 10560K, reserved 1048576K
}
Event: 759.607 GC heap after
{Heap after GC invocations=27 (full 0):
 garbage-first heap   total 92160K, used 35864K [0x0000000084c00000, 0x0000000100000000)
  region size 1024K, 2 young (2048K), 2 survivors (2048K)
 Metaspace       used 80204K, committed 80896K, reserved 1179648K
  class space    used 10217K, committed 10560K, reserved 1048576K
}
Event: 764.705 GC heap before
{Heap before GC invocations=27 (full 0):
 garbage-first heap   total 92160K, used 79896K [0x0000000084c00000, 0x0000000100000000)
  region size 1024K, 45 young (46080K), 2 survivors (2048K)
 Metaspace       used 80204K, committed 80896K, reserved 1179648K
  class space    used 10217K, committed 10560K, reserved 1048576K
}
Event: 764.712 GC heap after
{Heap after GC invocations=28 (full 0):
 garbage-first heap   total 92160K, used 35931K [0x0000000084c00000, 0x0000000100000000)
  region size 1024K, 2 young (2048K), 2 survivors (2048K)
 Metaspace       used 80204K, committed 80896K, reserved 1179648K
  class space    used 10217K, committed 10560K, reserved 1048576K
}
Event: 769.526 GC heap before
{Heap before GC invocations=28 (full 0):
 garbage-first heap   total 92160K, used 79963K [0x0000000084c00000, 0x0000000100000000)
  region size 1024K, 45 young (46080K), 2 survivors (2048K)
 Metaspace       used 80209K, committed 80960K, reserved 1179648K
  class space    used 10217K, committed 10560K, reserved 1048576K
}
Event: 769.532 GC heap after
{Heap after GC invocations=29 (full 0):
 garbage-first heap   total 92160K, used 35962K [0x0000000084c00000, 0x0000000100000000)
  region size 1024K, 2 young (2048K), 2 survivors (2048K)
 Metaspace       used 80209K, committed 80960K, reserved 1179648K
  class space    used 10217K, committed 10560K, reserved 1048576K
}
Event: 774.464 GC heap before
{Heap before GC invocations=29 (full 0):
 garbage-first heap   total 92160K, used 79994K [0x0000000084c00000, 0x0000000100000000)
  region size 1024K, 45 young (46080K), 2 survivors (2048K)
 Metaspace       used 80211K, committed 80960K, reserved 1179648K
  class space    used 10217K, committed 10560K, reserved 1048576K
}
Event: 774.470 GC heap after
{Heap after GC invocations=30 (full 0):
 garbage-first heap   total 92160K, used 35929K [0x0000000084c00000, 0x0000000100000000)
  region size 1024K, 2 young (2048K), 2 survivors (2048K)
 Metaspace       used 80211K, committed 80960K, reserved 1179648K
  class space    used 10217K, committed 10560K, reserved 1048576K
}
Event: 779.589 GC heap before
{Heap before GC invocations=30 (full 0):
 garbage-first heap   total 92160K, used 78937K [0x0000000084c00000, 0x0000000100000000)
  region size 1024K, 45 young (46080K), 2 survivors (2048K)
 Metaspace       used 80212K, committed 80960K, reserved 1179648K
  class space    used 10217K, committed 10560K, reserved 1048576K
}
Event: 779.602 GC heap after
{Heap after GC invocations=31 (full 0):
 garbage-first heap   total 92160K, used 36067K [0x0000000084c00000, 0x0000000100000000)
  region size 1024K, 2 young (2048K), 2 survivors (2048K)
 Metaspace       used 80212K, committed 80960K, reserved 1179648K
  class space    used 10217K, committed 10560K, reserved 1048576K
}
Event: 784.681 GC heap before
{Heap before GC invocations=31 (full 0):
 garbage-first heap   total 92160K, used 80099K [0x0000000084c00000, 0x0000000100000000)
  region size 1024K, 45 young (46080K), 2 survivors (2048K)
 Metaspace       used 80215K, committed 80960K, reserved 1179648K
  class space    used 10217K, committed 10560K, reserved 1048576K
}
Event: 784.688 GC heap after
{Heap after GC invocations=32 (full 0):
 garbage-first heap   total 92160K, used 36041K [0x0000000084c00000, 0x0000000100000000)
  region size 1024K, 2 young (2048K), 2 survivors (2048K)
 Metaspace       used 80215K, committed 80960K, reserved 1179648K
  class space    used 10217K, committed 10560K, reserved 1048576K
}
Event: 788.739 GC heap before
{Heap before GC invocations=32 (full 0):
 garbage-first heap   total 92160K, used 80073K [0x0000000084c00000, 0x0000000100000000)
  region size 1024K, 45 young (46080K), 2 survivors (2048K)
 Metaspace       used 80217K, committed 80960K, reserved 1179648K
  class space    used 10217K, committed 10560K, reserved 1048576K
}
Event: 788.745 GC heap after
{Heap after GC invocations=33 (full 0):
 garbage-first heap   total 92160K, used 36093K [0x0000000084c00000, 0x0000000100000000)
  region size 1024K, 2 young (2048K), 2 survivors (2048K)
 Metaspace       used 80217K, committed 80960K, reserved 1179648K
  class space    used 10217K, committed 10560K, reserved 1048576K
}

Dll operation events (11 events):
Event: 0.016 Loaded shared library C:\Program Files\Java\jdk-19\bin\java.dll
Event: 0.031 Loaded shared library C:\Program Files\Java\jdk-19\bin\jsvml.dll
Event: 0.174 Loaded shared library C:\Program Files\Java\jdk-19\bin\net.dll
Event: 0.178 Loaded shared library C:\Program Files\Java\jdk-19\bin\nio.dll
Event: 0.185 Loaded shared library C:\Program Files\Java\jdk-19\bin\zip.dll
Event: 0.333 Loaded shared library C:\Program Files\Java\jdk-19\bin\jimage.dll
Event: 0.630 Loaded shared library C:\Program Files\Java\jdk-19\bin\management.dll
Event: 0.633 Loaded shared library C:\Program Files\Java\jdk-19\bin\management_ext.dll
Event: 1.420 Loaded shared library C:\Program Files\Java\jdk-19\bin\sunmscapi.dll
Event: 4.342 Loaded shared library C:\Program Files\Java\jdk-19\bin\verify.dll
Event: 4.770 Loaded shared library C:\Program Files\Java\jdk-19\bin\extnet.dll

Deoptimization events (20 events):
Event: 777.581 Thread 0x000001a0864f7630 Uncommon trap: trap_request=0xffffffde fr.pc=0x000001a0f125983c relative=0x0000000000000a3c
Event: 777.581 Thread 0x000001a0864f7630 Uncommon trap: reason=class_check action=maybe_recompile pc=0x000001a0f125983c method=org.springframework.util.ConcurrentLruCache.processRead(Lorg/springframework/util/ConcurrentLruCache$Node;)V @ 16 c2
Event: 777.581 Thread 0x000001a0864f7630 DEOPT PACKING pc=0x000001a0f125983c sp=0x00000081378fbc90
Event: 777.582 Thread 0x000001a0864f7630 DEOPT UNPACKING pc=0x000001a0f086a5a3 sp=0x00000081378fbb18 mode 2
Event: 777.676 Thread 0x000001a0857b89a0 Uncommon trap: trap_request=0xffffffde fr.pc=0x000001a0f125983c relative=0x0000000000000a3c
Event: 777.676 Thread 0x000001a0857b89a0 Uncommon trap: reason=class_check action=maybe_recompile pc=0x000001a0f125983c method=org.springframework.util.ConcurrentLruCache.processRead(Lorg/springframework/util/ConcurrentLruCache$Node;)V @ 16 c2
Event: 777.676 Thread 0x000001a0857b89a0 DEOPT PACKING pc=0x000001a0f125983c sp=0x00000081371fd490
Event: 777.676 Thread 0x000001a0857b89a0 DEOPT UNPACKING pc=0x000001a0f086a5a3 sp=0x00000081371fd318 mode 2
Event: 780.260 Thread 0x000001a0857ba430 Uncommon trap: trap_request=0xffffff45 fr.pc=0x000001a0f13f2e38 relative=0x0000000000000098
Event: 780.260 Thread 0x000001a0857ba430 Uncommon trap: reason=unstable_if action=reinterpret pc=0x000001a0f13f2e38 method=sun.util.calendar.ZoneInfo.getOffsets(J[II)I @ 4 c2
Event: 780.260 Thread 0x000001a0857ba430 DEOPT PACKING pc=0x000001a0f13f2e38 sp=0x0000008136efb9c0
Event: 780.260 Thread 0x000001a0857ba430 DEOPT UNPACKING pc=0x000001a0f086a5a3 sp=0x0000008136efb910 mode 2
Event: 780.260 Thread 0x000001a0857ba430 Uncommon trap: trap_request=0xffffff45 fr.pc=0x000001a0f14dcb74 relative=0x0000000000000af4
Event: 780.260 Thread 0x000001a0857ba430 Uncommon trap: reason=unstable_if action=reinterpret pc=0x000001a0f14dcb74 method=java.util.GregorianCalendar.computeFields(II)I @ 449 c2
Event: 780.260 Thread 0x000001a0857ba430 DEOPT PACKING pc=0x000001a0f14dcb74 sp=0x0000008136efba00
Event: 780.260 Thread 0x000001a0857ba430 DEOPT UNPACKING pc=0x000001a0f086a5a3 sp=0x0000008136efb910 mode 2
Event: 780.260 Thread 0x000001a0857ba430 Uncommon trap: trap_request=0xffffff45 fr.pc=0x000001a0f14ddde4 relative=0x00000000000000c4
Event: 780.260 Thread 0x000001a0857ba430 Uncommon trap: reason=unstable_if action=reinterpret pc=0x000001a0f14ddde4 method=sun.util.calendar.BaseCalendar.getFixedDate(IIILsun/util/calendar/BaseCalendar$Date;)J @ 19 c2
Event: 780.260 Thread 0x000001a0857ba430 DEOPT PACKING pc=0x000001a0f14ddde4 sp=0x0000008136efb7f0
Event: 780.260 Thread 0x000001a0857ba430 DEOPT UNPACKING pc=0x000001a0f086a5a3 sp=0x0000008136efb770 mode 2

Classes loaded (20 events):
Event: 418.615 Loading class java/util/stream/ReduceOps$6ReducingSink
Event: 418.616 Loading class java/util/stream/ReduceOps$6ReducingSink done
Event: 418.616 Loading class java/util/stream/ReferencePipeline$4$1
Event: 418.618 Loading class java/util/stream/ReferencePipeline$4$1 done
Event: 418.650 Loading class java/io/PrintWriter$1
Event: 418.651 Loading class jdk/internal/access/JavaIOPrintWriterAccess
Event: 418.652 Loading class jdk/internal/access/JavaIOPrintWriterAccess done
Event: 418.652 Loading class java/io/PrintWriter$1 done
Event: 418.652 Loading class java/lang/Throwable$WrappedPrintWriter
Event: 418.655 Loading class java/lang/Throwable$PrintStreamOrWriter
Event: 418.655 Loading class java/lang/Throwable$PrintStreamOrWriter done
Event: 418.655 Loading class java/lang/Throwable$WrappedPrintWriter done
Event: 719.497 Loading class java/util/concurrent/locks/ReentrantReadWriteLock$Sync$HoldCounter
Event: 719.501 Loading class java/util/concurrent/locks/ReentrantReadWriteLock$Sync$HoldCounter done
Event: 719.556 Loading class java/util/ArrayList$SubList$2
Event: 719.558 Loading class java/util/ArrayList$SubList$2 done
Event: 719.596 Loading class java/util/concurrent/atomic/Striped64$Cell
Event: 719.603 Loading class java/util/concurrent/atomic/Striped64$Cell done
Event: 749.133 Loading class sun/util/locale/LocaleExtensions
Event: 749.143 Loading class sun/util/locale/LocaleExtensions done

Classes unloaded (0 events):
No events

Classes redefined (0 events):
No events

Internal exceptions (20 events):
Event: 9.701 Thread 0x000001a084a52f40 Exception <a 'java/lang/NoSuchMethodError'{0x0000000087118e28}: 'java.lang.Object java.lang.invoke.DirectMethodHandle$Holder.newInvokeSpecial(java.lang.Object, java.lang.Object, java.lang.Object, java.lang.Object, java.lang.Object, java.lang.Object, java.lang.Object, java.lang.Object)'> (0x0000000087118e28) 
thrown [s\open\src\hotspot\share\interpreter\linkResolver.cpp, line 774]
Event: 10.036 Thread 0x000001a084a52f40 Exception <a 'java/lang/IncompatibleClassChangeError'{0x0000000089b1bc58}: Found class java.lang.Object, but interface was expected> (0x0000000089b1bc58) 
thrown [s\open\src\hotspot\share\interpreter\linkResolver.cpp, line 841]
Event: 10.226 Thread 0x000001a084a52f40 Exception <a 'java/lang/NoSuchMethodError'{0x00000000897b3c68}: 'void java.lang.invoke.DirectMethodHandle$Holder.invokeVirtual(java.lang.Object, java.lang.Object, long)'> (0x00000000897b3c68) 
thrown [s\open\src\hotspot\share\interpreter\linkResolver.cpp, line 774]
Event: 10.310 Thread 0x000001a084a52f40 Exception <a 'java/lang/NoSuchMethodError'{0x00000000894d16c0}: 'int java.lang.invoke.DirectMethodHandle$Holder.invokeStaticInit(java.lang.Object, java.lang.Object, java.lang.Object, java.lang.Object)'> (0x00000000894d16c0) 
thrown [s\open\src\hotspot\share\interpreter\linkResolver.cpp, line 774]
Event: 10.335 Thread 0x000001a084a52f40 Exception <a 'java/lang/IncompatibleClassChangeError'{0x0000000089394ef0}: Found class java.lang.Object, but interface was expected> (0x0000000089394ef0) 
thrown [s\open\src\hotspot\share\interpreter\linkResolver.cpp, line 841]
Event: 10.347 Thread 0x000001a084a52f40 Implicit null exception at 0x000001a0f0eb28da to 0x000001a0f0eb2b10
Event: 10.536 Thread 0x000001a084a52f40 Exception <a 'java/lang/NoSuchMethodError'{0x0000000088ad4138}: 'java.lang.Object java.lang.invoke.DirectMethodHandle$Holder.newInvokeSpecial(java.lang.Object, java.lang.Object, int, java.lang.Object, java.lang.Object)'> (0x0000000088ad4138) 
thrown [s\open\src\hotspot\share\interpreter\linkResolver.cpp, line 774]
Event: 30.126 Thread 0x000001a0857ba430 Exception <a 'java/lang/NoSuchMethodError'{0x0000000088316508}: 'java.lang.Object java.lang.invoke.DirectMethodHandle$Holder.invokeSpecial(java.lang.Object, java.lang.Object, java.lang.Object, java.lang.Object, java.lang.Object, long)'> (0x0000000088316508) 
thrown [s\open\src\hotspot\share\interpreter\linkResolver.cpp, line 774]
Event: 30.127 Thread 0x000001a0857ba430 Exception <a 'java/lang/NoSuchMethodError'{0x0000000088319f58}: 'java.lang.Object java.lang.invoke.Invokers$Holder.linkToTargetMethod(java.lang.Object, java.lang.Object, java.lang.Object, long, java.lang.Object)'> (0x0000000088319f58) 
thrown [s\open\src\hotspot\share\interpreter\linkResolver.cpp, line 774]
Event: 30.856 Thread 0x000001a0857ba430 Exception <a 'java/lang/NoSuchMethodError'{0x000000008a039c18}: 'void java.lang.invoke.DirectMethodHandle$Holder.invokeSpecialIFC(java.lang.Object, java.lang.Object, int, java.lang.Object, java.lang.Object, java.lang.Object, java.lang.Object)'> (0x000000008a039c18) 
thrown [s\open\src\hotspot\share\interpreter\linkResolver.cpp, line 774]
Event: 31.067 Thread 0x000001a0857ba430 Exception <a 'java/lang/NoSuchMethodError'{0x0000000089ef55c8}: 'int java.lang.invoke.Invokers$Holder.invokeExact_MT(java.lang.Object, java.lang.Object, java.lang.Object)'> (0x0000000089ef55c8) 
thrown [s\open\src\hotspot\share\interpreter\linkResolver.cpp, line 774]
Event: 31.070 Thread 0x000001a0857ba430 Exception <a 'java/lang/NoSuchMethodError'{0x0000000089efcfd8}: 'void java.lang.invoke.Invokers$Holder.invokeExact_MT(java.lang.Object, java.lang.Object, int, java.lang.Object)'> (0x0000000089efcfd8) 
thrown [s\open\src\hotspot\share\interpreter\linkResolver.cpp, line 774]
Event: 31.117 Thread 0x000001a0857ba430 Exception <a 'java/lang/NoSuchMethodError'{0x0000000089dcace0}: 'int java.lang.invoke.DirectMethodHandle$Holder.invokeStatic(java.lang.Object, java.lang.Object, int, int)'> (0x0000000089dcace0) 
thrown [s\open\src\hotspot\share\interpreter\linkResolver.cpp, line 774]
Event: 31.178 Thread 0x000001a0857ba430 Exception <a 'java/lang/IncompatibleClassChangeError'{0x0000000089c9ac60}: Found class java.lang.Object, but interface was expected> (0x0000000089c9ac60) 
thrown [s\open\src\hotspot\share\interpreter\linkResolver.cpp, line 841]
Event: 719.542 Thread 0x000001a0864f60f0 Exception <a 'java/lang/NoSuchMethodError'{0x000000008a16f750}: 'java.lang.Object java.lang.invoke.DirectMethodHandle$Holder.invokeStatic(java.lang.Object, int, int)'> (0x000000008a16f750) 
thrown [s\open\src\hotspot\share\interpreter\linkResolver.cpp, line 774]
Event: 719.542 Thread 0x000001a0857b8ef0 Exception <a 'java/lang/NoSuchMethodError'{0x000000008a175a28}: 'java.lang.Object java.lang.invoke.DirectMethodHandle$Holder.invokeStatic(java.lang.Object, int, int)'> (0x000000008a175a28) 
thrown [s\open\src\hotspot\share\interpreter\linkResolver.cpp, line 774]
Event: 719.542 Thread 0x000001a0857ba430 Exception <a 'java/lang/NoSuchMethodError'{0x000000008a2d0e78}: 'java.lang.Object java.lang.invoke.DirectMethodHandle$Holder.invokeStatic(java.lang.Object, int, int)'> (0x000000008a2d0e78) 
thrown [s\open\src\hotspot\share\interpreter\linkResolver.cpp, line 774]
Event: 719.543 Thread 0x000001a0857b8450 Exception <a 'java/lang/NoSuchMethodError'{0x000000008a10fa68}: 'java.lang.Object java.lang.invoke.DirectMethodHandle$Holder.invokeStatic(java.lang.Object, int, int)'> (0x000000008a10fa68) 
thrown [s\open\src\hotspot\share\interpreter\linkResolver.cpp, line 774]
Event: 719.542 Thread 0x000001a0857b89a0 Exception <a 'java/lang/NoSuchMethodError'{0x000000008a127188}: 'java.lang.Object java.lang.invoke.DirectMethodHandle$Holder.invokeStatic(java.lang.Object, int, int)'> (0x000000008a127188) 
thrown [s\open\src\hotspot\share\interpreter\linkResolver.cpp, line 774]
Event: 780.260 Thread 0x000001a0857ba430 Implicit null exception at 0x000001a0f14ddd5a to 0x000001a0f14dddcc

VM Operations (20 events):
Event: 776.478 Executing VM operation: Cleanup
Event: 776.478 Executing VM operation: Cleanup done
Event: 777.480 Executing VM operation: Cleanup
Event: 777.480 Executing VM operation: Cleanup done
Event: 778.480 Executing VM operation: Cleanup
Event: 778.480 Executing VM operation: Cleanup done
Event: 779.496 Executing VM operation: Cleanup
Event: 779.496 Executing VM operation: Cleanup done
Event: 779.588 Executing VM operation: G1CollectForAllocation
Event: 779.602 Executing VM operation: G1CollectForAllocation done
Event: 780.607 Executing VM operation: Cleanup
Event: 780.608 Executing VM operation: Cleanup done
Event: 783.623 Executing VM operation: Cleanup
Event: 783.623 Executing VM operation: Cleanup done
Event: 784.681 Executing VM operation: G1CollectForAllocation
Event: 784.688 Executing VM operation: G1CollectForAllocation done
Event: 788.705 Executing VM operation: Cleanup
Event: 788.705 Executing VM operation: Cleanup done
Event: 788.739 Executing VM operation: G1CollectForAllocation
Event: 788.745 Executing VM operation: G1CollectForAllocation done

Events (20 events):
Event: 731.402 Thread 0x000001a0ff9bc730 flushing nmethod 0x000001a0ea1ef190
Event: 731.402 Thread 0x000001a0ff9bc730 flushing nmethod 0x000001a0ea21fc10
Event: 731.402 Thread 0x000001a0ff9bc730 flushing nmethod 0x000001a0ea2ba310
Event: 731.402 Thread 0x000001a0ff9bc730 flushing nmethod 0x000001a0ea2be690
Event: 738.150 Thread 0x000001a086417820 Thread added: 0x000001a086417820
Event: 739.918 Thread 0x000001a086417820 Thread exited: 0x000001a086417820
Event: 741.271 Thread 0x000001a086418340 Thread added: 0x000001a086418340
Event: 741.846 Thread 0x000001a086418340 Thread exited: 0x000001a086418340
Event: 744.748 Thread 0x000001a0864124b0 Thread added: 0x000001a0864124b0
Event: 745.292 Thread 0x000001a0864124b0 Thread exited: 0x000001a0864124b0
Event: 749.486 Thread 0x000001a086417820 Thread added: 0x000001a086417820
Event: 749.945 Thread 0x000001a086417820 Thread exited: 0x000001a086417820
Event: 758.224 Thread 0x000001a0ff9bc730 flushing nmethod 0x000001a0e9586710
Event: 758.225 Thread 0x000001a0ff9bc730 flushing nmethod 0x000001a0e97aae10
Event: 758.232 Thread 0x000001a0ff9bc730 flushing nmethod 0x000001a0e9c76e90
Event: 758.235 Thread 0x000001a0ff9bc730 flushing nmethod 0x000001a0e9d96610
Event: 758.238 Thread 0x000001a0ff9bc730 flushing nmethod 0x000001a0e9f9ff90
Event: 758.240 Thread 0x000001a0ff9bc730 flushing nmethod 0x000001a0ea11ce90
Event: 758.241 Thread 0x000001a0ff9bc730 flushing nmethod 0x000001a0ea16cb90
Event: 758.244 Thread 0x000001a0ff9bc730 flushing nmethod 0x000001a0ea3a0f10


Dynamic libraries:
0x00007ff744b20000 - 0x00007ff744b30000 	C:\Program Files\Java\jdk-19\bin\javaw.exe
0x00007fff599f0000 - 0x00007fff59c07000 	C:\WINDOWS\SYSTEM32\ntdll.dll
0x00007fff57f90000 - 0x00007fff58054000 	C:\WINDOWS\System32\KERNEL32.DLL
0x00007fff56de0000 - 0x00007fff5718d000 	C:\WINDOWS\System32\KERNELBASE.dll
0x00007fff571c0000 - 0x00007fff572d1000 	C:\WINDOWS\System32\ucrtbase.dll
0x00007fff50ba0000 - 0x00007fff50bb8000 	C:\Program Files\Java\jdk-19\bin\jli.dll
0x00007fff50e50000 - 0x00007fff50e6b000 	C:\Program Files\Java\jdk-19\bin\VCRUNTIME140.dll
0x00007fff58f30000 - 0x00007fff58fe2000 	C:\WINDOWS\System32\ADVAPI32.dll
0x00007fff58070000 - 0x00007fff58117000 	C:\WINDOWS\System32\msvcrt.dll
0x00007fff584f0000 - 0x00007fff58599000 	C:\WINDOWS\System32\sechost.dll
0x00007fff57190000 - 0x00007fff571b8000 	C:\WINDOWS\System32\bcrypt.dll
0x00007fff58160000 - 0x00007fff58274000 	C:\WINDOWS\System32\RPCRT4.dll
0x00007fff57940000 - 0x00007fff57aee000 	C:\WINDOWS\System32\USER32.dll
0x00007fff56d10000 - 0x00007fff56d36000 	C:\WINDOWS\System32\win32u.dll
0x00007fff4bc80000 - 0x00007fff4bf13000 	C:\WINDOWS\WinSxS\amd64_microsoft.windows.common-controls_6595b64144ccf1df_6.0.22621.3672_none_2713b9d173822955\COMCTL32.dll
0x00007fff58130000 - 0x00007fff58159000 	C:\WINDOWS\System32\GDI32.dll
0x00007fff57600000 - 0x00007fff57719000 	C:\WINDOWS\System32\gdi32full.dll
0x00007fff56d40000 - 0x00007fff56dda000 	C:\WINDOWS\System32\msvcp_win.dll
0x00007fff500a0000 - 0x00007fff500aa000 	C:\WINDOWS\SYSTEM32\VERSION.dll
0x00007fff584b0000 - 0x00007fff584e1000 	C:\WINDOWS\System32\IMM32.DLL
0x00007fff53c00000 - 0x00007fff53c0c000 	C:\Program Files\Java\jdk-19\bin\vcruntime140_1.dll
0x00007fff4e8f0000 - 0x00007fff4e97e000 	C:\Program Files\Java\jdk-19\bin\msvcp140.dll
0x00007ffebf0f0000 - 0x00007ffebfdb0000 	C:\Program Files\Java\jdk-19\bin\server\jvm.dll
0x00007fff50a90000 - 0x00007fff50ac4000 	C:\WINDOWS\SYSTEM32\WINMM.dll
0x00007fff509e0000 - 0x00007fff509e9000 	C:\WINDOWS\SYSTEM32\WSOCK32.dll
0x00007fff59930000 - 0x00007fff599a1000 	C:\WINDOWS\System32\WS2_32.dll
0x00007fff55d20000 - 0x00007fff55d38000 	C:\WINDOWS\SYSTEM32\kernel.appcore.dll
0x00007fff50260000 - 0x00007fff5026a000 	C:\Program Files\Java\jdk-19\bin\jimage.dll
0x00007fff4c8e0000 - 0x00007fff4cb12000 	C:\WINDOWS\SYSTEM32\DBGHELP.DLL
0x00007fff58ba0000 - 0x00007fff58f2e000 	C:\WINDOWS\System32\combase.dll
0x00007fff58310000 - 0x00007fff583e7000 	C:\WINDOWS\System32\OLEAUT32.dll
0x00007fff3e300000 - 0x00007fff3e332000 	C:\WINDOWS\SYSTEM32\dbgcore.DLL
0x00007fff57580000 - 0x00007fff575fb000 	C:\WINDOWS\System32\bcryptPrimitives.dll
0x00007fff50230000 - 0x00007fff50256000 	C:\Program Files\Java\jdk-19\bin\java.dll
0x00007fff4e810000 - 0x00007fff4e8e7000 	C:\Program Files\Java\jdk-19\bin\jsvml.dll
0x00007fff590c0000 - 0x00007fff59927000 	C:\WINDOWS\System32\SHELL32.dll
0x00007fff54c40000 - 0x00007fff5553f000 	C:\WINDOWS\SYSTEM32\windows.storage.dll
0x00007fff54b00000 - 0x00007fff54c3f000 	C:\WINDOWS\SYSTEM32\wintypes.dll
0x00007fff58a20000 - 0x00007fff58b19000 	C:\WINDOWS\System32\SHCORE.dll
0x00007fff58b40000 - 0x00007fff58b9e000 	C:\WINDOWS\System32\shlwapi.dll
0x00007fff56c40000 - 0x00007fff56c67000 	C:\WINDOWS\SYSTEM32\profapi.dll
0x00007fff50210000 - 0x00007fff50223000 	C:\Program Files\Java\jdk-19\bin\net.dll
0x00007fff500b0000 - 0x00007fff501e6000 	C:\WINDOWS\SYSTEM32\WINHTTP.dll
0x00007fff56200000 - 0x00007fff56269000 	C:\WINDOWS\system32\mswsock.dll
0x00007fff4e650000 - 0x00007fff4e666000 	C:\Program Files\Java\jdk-19\bin\nio.dll
0x00007fff4e610000 - 0x00007fff4e628000 	C:\Program Files\Java\jdk-19\bin\zip.dll
0x00007fff51ff0000 - 0x00007fff51ffa000 	C:\Program Files\Java\jdk-19\bin\management.dll
0x00007fff51fe0000 - 0x00007fff51feb000 	C:\Program Files\Java\jdk-19\bin\management_ext.dll
0x00007fff57af0000 - 0x00007fff57af8000 	C:\WINDOWS\System32\PSAPI.DLL
0x00007fff4e6b0000 - 0x00007fff4e6be000 	C:\Program Files\Java\jdk-19\bin\sunmscapi.dll
0x00007fff57410000 - 0x00007fff57577000 	C:\WINDOWS\System32\CRYPT32.dll
0x00007fff566b0000 - 0x00007fff566de000 	C:\WINDOWS\SYSTEM32\ncrypt.dll
0x00007fff56670000 - 0x00007fff566a7000 	C:\WINDOWS\SYSTEM32\NTASN1.dll
0x00007fff56420000 - 0x00007fff5643b000 	C:\WINDOWS\SYSTEM32\CRYPTSP.dll
0x00007fff55c80000 - 0x00007fff55cb5000 	C:\WINDOWS\system32\rsaenh.dll
0x00007fff562c0000 - 0x00007fff562e8000 	C:\WINDOWS\SYSTEM32\USERENV.dll
0x00007fff56440000 - 0x00007fff5644c000 	C:\WINDOWS\SYSTEM32\CRYPTBASE.dll
0x00007fff557e0000 - 0x00007fff5580d000 	C:\WINDOWS\SYSTEM32\IPHLPAPI.DLL
0x00007fff584a0000 - 0x00007fff584a9000 	C:\WINDOWS\System32\NSI.dll
0x00007fff48300000 - 0x00007fff48319000 	C:\WINDOWS\SYSTEM32\dhcpcsvc6.DLL
0x00007fff4e2c0000 - 0x00007fff4e2df000 	C:\WINDOWS\SYSTEM32\dhcpcsvc.DLL
0x00007fff55810000 - 0x00007fff55908000 	C:\WINDOWS\SYSTEM32\DNSAPI.dll
0x00007fff50200000 - 0x00007fff50210000 	C:\Program Files\Java\jdk-19\bin\verify.dll
0x00007fff515b0000 - 0x00007fff515ba000 	C:\Windows\System32\rasadhlp.dll
0x00007fff42120000 - 0x00007fff421a3000 	C:\WINDOWS\System32\fwpuclnt.dll
0x00007fff4e640000 - 0x00007fff4e648000 	C:\Program Files\Java\jdk-19\bin\extnet.dll
0x00007fff289e0000 - 0x00007fff289e8000 	C:\WINDOWS\system32\wshunix.dll

dbghelp: loaded successfully - version: 4.0.5 - missing functions: none
symbol engine: initialized successfully - sym options: 0x614 - pdb path: .;C:\Program Files\Java\jdk-19\bin;C:\WINDOWS\SYSTEM32;C:\WINDOWS\WinSxS\amd64_microsoft.windows.common-controls_6595b64144ccf1df_6.0.22621.3672_none_2713b9d173822955;C:\Program Files\Java\jdk-19\bin\server

VM Arguments:
jvm_args: -Dfile.encoding=UTF-8 -Dstdout.encoding=UTF-8 -Dstderr.encoding=UTF-8 -XX:+ShowCodeDetailsInExceptionMessages 
java_command: com.tradefolio.TradingApplication
java_class_path (initial): E:\Full Stack projects\trading\trading\target\classes;C:\Users\schau\.m2\repository\org\springframework\boot\spring-boot-starter-data-jpa\3.3.2\spring-boot-starter-data-jpa-3.3.2.jar;C:\Users\schau\.m2\repository\org\springframework\boot\spring-boot-starter-aop\3.3.2\spring-boot-starter-aop-3.3.2.jar;C:\Users\schau\.m2\repository\org\aspectj\aspectjweaver\1.9.22.1\aspectjweaver-1.9.22.1.jar;C:\Users\schau\.m2\repository\org\springframework\boot\spring-boot-starter-jdbc\3.3.2\spring-boot-starter-jdbc-3.3.2.jar;C:\Users\schau\.m2\repository\com\zaxxer\HikariCP\5.1.0\HikariCP-5.1.0.jar;C:\Users\schau\.m2\repository\org\springframework\spring-jdbc\6.1.11\spring-jdbc-6.1.11.jar;C:\Users\schau\.m2\repository\org\hibernate\orm\hibernate-core\6.5.2.Final\hibernate-core-6.5.2.Final.jar;C:\Users\schau\.m2\repository\jakarta\persistence\jakarta.persistence-api\3.1.0\jakarta.persistence-api-3.1.0.jar;C:\Users\schau\.m2\repository\jakarta\transaction\jakarta.transaction-api\2.0.1\jakarta.transaction-api-2.0.1.jar;C:\Users\schau\.m2\repository\org\jboss\logging\jboss-logging\3.5.3.Final\jboss-logging-3.5.3.Final.jar;C:\Users\schau\.m2\repository\org\hibernate\common\hibernate-commons-annotations\6.0.6.Final\hibernate-commons-annotations-6.0.6.Final.jar;C:\Users\schau\.m2\repository\io\smallrye\jandex\3.1.2\jandex-3.1.2.jar;C:\Users\schau\.m2\repository\com\fasterxml\classmate\1.7.0\classmate-1.7.0.jar;C:\Users\schau\.m2\repository\net\bytebuddy\byte-buddy\1.14.18\byte-buddy-1.14.18.jar;C:\Users\schau\.m2\repository\org\glassfish\jaxb\jaxb-runtime\4.0.5\jaxb-runtime-4.0.5.jar;C:\Users\schau\.m2\repository\org\glassfish\jaxb\jaxb-core\4.0.5\jaxb-core-4.0.5.jar;C:\Users\schau\.m2\repository\org\glassfish\jaxb\txw2\4.0.5\txw2-4.0.5.jar;C:\Users\schau\.m2\repository\com\sun\istack\istack-commons-runtime\4.1.2\istack-commons-runtime-4.1.2.jar;C:\Users\schau\.m2\repository\jakarta\inject\jakarta.inject-api\2.0.1\jakarta.inject-api-2.0.1.jar;C:\Users\schau\.m2\repository\org\antlr\antlr4-runtime\4.13.0\antlr4-runtime-4.13.0.jar;C:\Users\schau\.m2\repository\org\springframework\data\spring-data-jpa\3.3.2\spring-data-jpa-3.3.2.jar;C:\Users\schau\.m2\repository\org\springframework\data\spring-data-commons\3.3.2\spring-data-commons-3.3.2.jar;C:\Users\schau\.m2\repository\org\springframework\spring-orm\6.1.11\spring-orm-6.1.11.jar;C:\Users\schau\.m2\repository\org\springframework\spring-context\6.1.11\spring-context-6.1.11.jar;C:\Users\schau\.m2\repository\org\springframework\spring-tx\6.1.11\spring-tx-6.1.11.jar;C:\Users\schau\.m2\repository\org\springframework\spring-beans\6.1.11\spring-beans-6.1.11.jar;C:\Users\schau\.m2\repository\jakarta\annotation\jakarta.annotation-api\2.1.1\jakarta.annotation-api-2.1.1.jar;C:\Users\schau\.m2\repository\org\slf4j\slf4j-api\2.0.13\slf4j-api-2.0.13.jar;C:\Users\schau\.m2\repository\org\springframework\spring-aspects\6.1.11\spring-aspects-6.1.11.jar;C:\Users\schau\.m2\repository\org\springframework\boot\spring-boot-starter-security\3.3.2\spring-boot-starter-security-3.3.2.jar;C:\Users\schau\.m2\repository\org\springframework\boot\spring-boot-starter\3.3.2\spring-boot-starter-3.3.2.jar;C:\Users\schau\.m2\repository\org\springframework\boot\spring-boot-starter-logging\3.3.2\spring-boot-starter-logging-3.3.2.jar;C:\Users\schau\.m2\repository\ch\qos\logback\logback-classic\1.5.6\logback-classic-1.5.6.jar;C:\Users\schau\.m2\repository\ch\qos\logback\logback-core\1.5.6\logback-core-1.5.6.jar;C:\Users\schau\.m2\repository\org\apache\logging\log4j\log4j-to-slf4j\2.23.1\log4j-to-slf4j-2.23.1.jar;C:\Users\schau\.m2\repository\org\apache\logging\log4j\log4j-api\2.23.1\log4j-api-2.23.1.jar;C:\Users\schau\.m2\repository\org\slf4j\jul-to-slf4j\2.0.13\jul-to-slf4j-2.0.13.jar;C:\Users\schau\.m2\repository\org\yaml\snakeyaml\2.2\snakeyaml-2.2.jar;C:\Users\schau\.m2\repository\org\springframework\spring-aop\6.1.11\spring-aop-6.1.11.jar;C:\Users\schau\.m2\repository\org\springframework\security\spring-security-config\6.3.1\spring-security-config-6.3.1.jar;C:\Users\schau\.m2\repository\org\springframework\security\spring-security-web\6.3.1\spring-security-web-6.3.1.jar;C:\Users\schau\.m2\repository\org\springframework\spring-expression\6.1.11\spring-expression-6.1.11.jar;C:\Users\schau\.m2\repository\org\springframework\boot\spring-boot-starter-web\3.3.2\spring-boot-starter-web-3.3.2.jar;C:\Users\schau\.m2\repository\org\springframework\boot\spring-boot-starter-json\3.3.2\spring-boot-starter-json-3.3.2.jar;C:\Users\schau\.m2\repository\com\fasterxml\jackson\datatype\jackson-datatype-jdk8\2.17.2\jackson-datatype-jdk8-2.17.2.jar;C:\Users\schau\.m2\repository\com\fasterxml\jackson\datatype\jackson-datatype-jsr310\2.17.2\jackson-datatype-jsr310-2.17.2.jar;C:\Users\schau\.m2\repository\com\fasterxml\jackson\module\jackson-module-parameter-names\2.17.2\jackson-module-parameter-names-2.17.2.jar;C:\Users\schau\.m2\repository\org\springframework\boot\spring-boot-starter-tomcat\3.3.2\spring-boot-starter-tomcat-3.3.2.jar;C:\Users\schau\.m2\repository\org\apache\tomcat\embed\tomcat-embed-core\10.1.26\tomcat-embed-core-10.1.26.jar;C:\Users\schau\.m2\repository\org\apache\tomcat\embed\tomcat-embed-el\10.1.26\tomcat-embed-el-10.1.26.jar;C:\Users\schau\.m2\repository\org\apache\tomcat\embed\tomcat-embed-websocket\10.1.26\tomcat-embed-websocket-10.1.26.jar;C:\Users\schau\.m2\repository\org\springframework\spring-web\6.1.11\spring-web-6.1.11.jar;C:\Users\schau\.m2\repository\io\micrometer\micrometer-observation\1.13.2\micrometer-observation-1.13.2.jar;C:\Users\schau\.m2\repository\io\micrometer\micrometer-commons\1.13.2\micrometer-commons-1.13.2.jar;C:\Users\schau\.m2\repository\org\springframework\spring-webmvc\6.1.11\spring-webmvc-6.1.11.jar;C:\Users\schau\.m2\repository\org\springframework\boot\spring-boot-devtools\3.3.2\spring-boot-devtools-3.3.2.jar;C:\Users\schau\.m2\repository\org\springframework\boot\spring-boot\3.3.2\spring-boot-3.3.2.jar;C:\Users\schau\.m2\repository\org\springframework\boot\spring-boot-autoconfigure\3.3.2\spring-boot-autoconfigure-3.3.2.jar;C:\Users\schau\.m2\repository\com\mysql\mysql-connector-j\8.3.0\mysql-connector-j-8.3.0.jar;C:\Users\schau\.m2\repository\org\projectlombok\lombok\1.18.34\lombok-1.18.34.jar;C:\Users\schau\.m2\repository\jakarta\xml\bind\jakarta.xml.bind-api\4.0.2\jakarta.xml.bind-api-4.0.2.jar;C:\Users\schau\.m2\repository\jakarta\activation\jakarta.activation-api\2.1.3\jakarta.activation-api-2.1.3.jar;C:\Users\schau\.m2\repository\org\springframework\spring-core\6.1.11\spring-core-6.1.11.jar;C:\Users\schau\.m2\repository\org\springframework\spring-jcl\6.1.11\spring-jcl-6.1.11.jar;C:\Users\schau\.m2\repository\org\springframework\security\spring-security-core\6.3.1\spring-security-core-6.3.1.jar;C:\Users\schau\.m2\repository\org\springframework\security\spring-security-crypto\6.3.1\spring-security-crypto-6.3.1.jar;C:\Users\schau\.m2\repository\io\jsonwebtoken\jjwt-api\0.11.5\jjwt-api-0.11.5.jar;C:\Users\schau\.m2\repository\io\jsonwebtoken\jjwt-impl\0.11.5\jjwt-impl-0.11.5.jar;C:\Users\schau\.m2\repository\io\jsonwebtoken\jjwt-jackson\0.11.5\jjwt-jackson-0.11.5.jar;C:\Users\schau\.m2\repository\com\fasterxml\jackson\core\jackson-databind\2.17.2\jackson-databind-2.17.2.jar;C:\Users\schau\.m2\repository\com\fasterxml\jackson\core\jackson-annotations\2.17.2\jackson-annotations-2.17.2.jar;C:\Users\schau\.m2\repository\com\fasterxml\jackson\core\jackson-core\2.17.2\jackson-core-2.17.2.jar;C:\Users\schau\.m2\repository\org\springframework\boot\spring-boot-starter-mail\3.3.2\spring-boot-starter-mail-3.3.2.jar;C:\Users\schau\.m2\repository\org\springframework\spring-context-support\6.1.11\spring-context-support-6.1.11.jar;C:\Users\schau\.m2\repository\org\eclipse\angus\jakarta.mail\2.0.3\jakarta.mail-2.0.3.jar;C:\Users\schau\.m2\repository\org\eclipse\angus\angus-activation\2.0.2\angus-activation-2.0.2.jar;C:\Users\schau\.m2\repository\com\razorpay\razorpay-java\1.4.3\razorpay-java-1.4.3.jar;C:\Users\schau\.m2\repository\org\json\json\20180130\json-20180130.jar;C:\Users\schau\.m2\repository\com\squareup\okhttp3\okhttp\4.12.0\okhttp-4.12.0.jar;C:\Users\schau\.m2\repository\com\squareup\okio\okio\3.6.0\okio-3.6.0.jar;C:\Users\schau\.m2\repository\com\squareup\okio\okio-jvm\3.6.0\okio-jvm-3.6.0.jar;C:\Users\schau\.m2\repository\org\jetbrains\kotlin\kotlin-stdlib-common\1.9.24\kotlin-stdlib-common-1.9.24.jar;C:\Users\schau\.m2\repository\org\jetbrains\kotlin\kotlin-stdlib-jdk8\1.9.24\kotlin-stdlib-jdk8-1.9.24.jar;C:\Users\schau\.m2\repository\org\jetbrains\kotlin\kotlin-stdlib\1.9.24\kotlin-stdlib-1.9.24.jar;C:\Users\schau\.m2\repository\org\jetbrains\annotations\13.0\annotations-13.0.jar;C:\Users\schau\.m2\repository\org\jetbrains\kotlin\kotlin-stdlib-jdk7\1.9.24\kotlin-stdlib-jdk7-1.9.24.jar;C:\Users\schau\.m2\repository\com\squareup\okhttp3\logging-interceptor\4.12.0\logging-interceptor-4.12.0.jar;C:\Users\schau\.m2\repository\commons-codec\commons-codec\1.16.1\commons-codec-1.16.1.jar;C:\Users\schau\.m2\repository\org\apache\commons\commons-text\1.3\commons-text-1.3.jar;C:\Users\schau\.m2\repository\org\apache\commons\commons-lang3\3.14.0\commons-lang3-3.14.0.jar;C:\Users\schau\.m2\repository\com\stripe\stripe-java\20.62.0\stripe-java-20.62.0.jar;C:\Users\schau\.m2\repository\com\google\code\gson\gson\2.10.1\gson-2.10.1.jar
Launcher Type: SUN_STANDARD

[Global flags]
     intx CICompilerCount                          = 4                                         {product} {ergonomic}
     uint ConcGCThreads                            = 2                                         {product} {ergonomic}
     uint G1ConcRefinementThreads                  = 8                                         {product} {ergonomic}
   size_t G1HeapRegionSize                         = 1048576                                   {product} {ergonomic}
    uintx GCDrainStackTargetSize                   = 64                                        {product} {ergonomic}
   size_t InitialHeapSize                          = 130023424                                 {product} {ergonomic}
   size_t MarkStackSize                            = 4194304                                   {product} {ergonomic}
   size_t MaxHeapSize                              = 2067791872                                {product} {ergonomic}
   size_t MaxNewSize                               = 1240465408                                {product} {ergonomic}
   size_t MinHeapDeltaBytes                        = 1048576                                   {product} {ergonomic}
   size_t MinHeapSize                              = 8388608                                   {product} {ergonomic}
    uintx NonNMethodCodeHeapSize                   = 5839372                                {pd product} {ergonomic}
    uintx NonProfiledCodeHeapSize                  = 122909434                              {pd product} {ergonomic}
    uintx ProfiledCodeHeapSize                     = 122909434                              {pd product} {ergonomic}
    uintx ReservedCodeCacheSize                    = 251658240                              {pd product} {ergonomic}
     bool SegmentedCodeCache                       = true                                      {product} {ergonomic}
     bool ShowCodeDetailsInExceptionMessages       = true                                   {manageable} {command line}
   size_t SoftMaxHeapSize                          = 2067791872                             {manageable} {ergonomic}
     bool UseCompressedClassPointers               = true                           {product lp64_product} {ergonomic}
     bool UseCompressedOops                        = true                           {product lp64_product} {ergonomic}
     bool UseG1GC                                  = true                                      {product} {ergonomic}
     bool UseLargePagesIndividualAllocation        = false                                  {pd product} {ergonomic}

Logging:
Log output configuration:
 #0: stdout all=warning uptime,level,tags foldmultilines=false
 #1: stderr all=off uptime,level,tags foldmultilines=false

Environment Variables:
PATH=C:\Python311\Scripts\;C:\Python311\;C:\Program Files\Common Files\Oracle\Java\javapath;C:\Windows\system32;C:\Windows;C:\Windows\System32\Wbem;C:\Windows\System32\WindowsPowerShell\v1.0\;C:\Windows\System32\OpenSSH\;C:\Program Files (x86)\NVIDIA Corporation\PhysX\Common;C:\Program Files\NVIDIA Corporation\NVIDIA NvDLISR;C:\WINDOWS\system32;C:\WINDOWS;C:\WINDOWS\System32\Wbem;C:\WINDOWS\System32\WindowsPowerShell\v1.0\;C:\WINDOWS\System32\OpenSSH\;C:\ProgramData\chocolatey\bin;C:\Program Files\Docker\Docker\resources\bin;C:\Program Files\Ballerina\\bin;C:\Program Files\Git\cmd;C:\Program Files\nodejs\;C:\Program Files\MySQL\MySQL Shell 8.0\bin\;C:\Users\schau\AppData\Local\Microsoft\WindowsApps;C:\Program Files\JetBrains\IntelliJ IDEA Community Edition 2022.2.2\bin;;C:\Users\schau\AppData\Local\Programs\Microsoft VS Code\bin;C:\Users\schau\AppData\Local\GitHubDesktop\bin;C:\Users\schau\AppData\Roaming\npm
USERNAME=schau
OS=Windows_NT
PROCESSOR_IDENTIFIER=Intel64 Family 6 Model 140 Stepping 1, GenuineIntel
TMP=C:\Users\schau\AppData\Local\Temp
TEMP=C:\Users\schau\AppData\Local\Temp



---------------  S Y S T E M  ---------------

OS:
 Windows 11 , 64 bit Build 22621 (10.0.22621.3958)
OS uptime: 1 days 5:33 hours
Hyper-V role detected

CPU: total 8 (initial active 8) (4 cores per cpu, 2 threads per core) family 6 model 140 stepping 1 microcode 0x86, cx8, cmov, fxsr, ht, mmx, 3dnowpref, sse, sse2, sse3, ssse3, sse4.1, sse4.2, popcnt, lzcnt, tsc, tscinvbit, avx, avx2, aes, erms, clmul, bmi1, bmi2, adx, avx512f, avx512dq, avx512cd, avx512bw, avx512vl, sha, fma, vzeroupper, avx512_vpopcntdq, avx512_vpclmulqdq, avx512_vaes, avx512_vnni, clflush, clflushopt, clwb, avx512_vbmi2, avx512_vbmi, hv, rdtscp, rdpid, fsrm, gfni, avx512_bitalg

Memory: 4k page, system-wide physical 7886M (234M free)
TotalPageFile size 32462M (AvailPageFile size 4M)
current process WorkingSet (physical memory assigned to process): 180M, peak: 284M
current process commit charge ("private bytes"): 332M, peak: 348M

vm_info: Java HotSpot(TM) 64-Bit Server VM (19+36-2238) for windows-amd64 JRE (19+36-2238), built on 2022-08-12T20:29:01Z by "mach5one" with MS VC++ 17.1 (VS2022)

END.
